<?xml version="1.0" encoding="UTF-8"?>
<!-- Generated by org.testng.reporters.JUnitXMLReporter -->
<testsuite hostname="DESKTOP-B2T9MUN" ignored="16" name="Test" tests="25" failures="2" timestamp="28 Nov 2022 09:47:05 GMT" time="243.994" errors="0">
  <testcase name="@AfterClass teardown" time="0.0" classname="TestBase.BaseTest">
    <failure type="org.openqa.selenium.NoSuchSessionException" message="Session ID is null. Using WebDriver after calling quit()?
Build info: version: &amp;apos;3.141.59&amp;apos;, revision: &amp;apos;e82be7d358&amp;apos;, time: &amp;apos;2018-11-14T08:17:03&amp;apos;
System info: host: &amp;apos;DESKTOP-B2T9MUN&amp;apos;, ip: &amp;apos;172.19.112.1&amp;apos;, os.name: &amp;apos;Windows 10&amp;apos;, os.arch: &amp;apos;amd64&amp;apos;, os.version: &amp;apos;10.0&amp;apos;, java.version: &amp;apos;1.8.0_202&amp;apos;
Driver info: driver.version: RemoteWebDriver">
      <![CDATA[org.openqa.selenium.NoSuchSessionException: Session ID is null. Using WebDriver after calling quit()?
Build info: version: '3.141.59', revision: 'e82be7d358', time: '2018-11-14T08:17:03'
System info: host: 'DESKTOP-B2T9MUN', ip: '172.19.112.1', os.name: 'Windows 10', os.arch: 'amd64', os.version: '10.0', java.version: '1.8.0_202'
Driver info: driver.version: RemoteWebDriver
at org.openqa.selenium.remote.HttpCommandExecutor.execute(HttpCommandExecutor.java:125)
at org.openqa.selenium.remote.service.DriverCommandExecutor.execute(DriverCommandExecutor.java:83)
at org.openqa.selenium.remote.RemoteWebDriver.execute(RemoteWebDriver.java:552)
at org.openqa.selenium.remote.RemoteWebDriver.execute(RemoteWebDriver.java:609)
at org.openqa.selenium.remote.RemoteWebDriver.close(RemoteWebDriver.java:442)
at TestBase.BaseTest.teardown(BaseTest.java:110)
... Removed 25 stack frames]]>
    </failure>
  </testcase> <!-- @AfterClass teardown -->
  <testcase name="dynamicContentTest" time="3.614" classname="Test_Cases.DynamicContentPageTest"/>
  <testcase name="clickJSAlert" time="0.73" classname="Test_Cases.JavaScriptAlertsPageTest"/>
  <testcase name="clickJSPrompt" time="0.552" classname="Test_Cases.JavaScriptAlertsPageTest"/>
  <testcase name="confirmJSAlert" time="0.416" classname="Test_Cases.JavaScriptAlertsPageTest"/>
  <testcase name="enableDisableTextBox" time="7.75" classname="Test_Cases.DynamicControlsPageTest"/>
  <testcase name="removingAddingCheckBox" time="7.116" classname="Test_Cases.DynamicControlsPageTest"/>
  <testcase name="mouseHoverImage1" time="1.333" classname="Test_Cases.MouseHoverPageTest"/>
  <testcase name="mouseHoverImage2" time="0.628" classname="Test_Cases.MouseHoverPageTest"/>
  <testcase name="mouseHoverImage3" time="0.771" classname="Test_Cases.MouseHoverPageTest"/>
  <testcase name="verifyNotificationMessage" time="9.891" classname="Test_Cases.NotificationMessagePageTest"/>
  <testcase name="jsError" time="0.196" classname="Test_Cases.JavaScriptErrorPageTest"/>
  <testcase name="selectAllCheckBoxes" time="0.53" classname="Test_Cases.CheckBoxesPageTest"/>
  <testcase name="selectDeselectCheckBoxes" time="1.454" classname="Test_Cases.CheckBoxesPageTest"/>
  <testcase name="floatingMenuTest" time="0.606" classname="Test_Cases.FloatingMenuPageTest"/>
  <testcase name="mouseHoverImage1" time="12.151" classname="Test_Cases.IFramePageTest"/>
  <testcase name="OpenNewTabFn" time="2.061" classname="Test_Cases.OpenNewTabPageTest"/>
  <testcase name="dropDownTest" time="1.576" classname="Test_Cases.DropDownPageTest"/>
  <testcase name="clickContextMenu" time="0.776" classname="Test_Cases.ContextMenuPageTest"/>
  <testcase name="dynamicLoadingTest" time="6.081" classname="Test_Cases.DynamicLoadingPageTest"/>
  <testcase name="fileUploadTest" time="7.39" classname="Test_Cases.FileUploadPageTest"/>
  <testcase name="invalidUserName_ValidPassword" time="3.187" classname="Test_Cases.LoginPageTest"/>
  <testcase name="validLoginTest" time="3.043" classname="Test_Cases.LoginPageTest"/>
  <testcase name="fileUploadTest" time="2.606" classname="Test_Cases.FileDownloadPageTest"/>
  <testcase name="dragAndDropTest" time="118.094" classname="Test_Cases.dragAndDropPageTest">
    <failure type="org.openqa.selenium.TimeoutException" message="timeout: Timed out receiving message from renderer: 20.000
  (Session info: chrome=107.0.5304.107)
  (Driver info: chromedriver=107.0.5304.62 (1eec40d3a5764881c92085aaee66d25075c159aa-refs/branch-heads/5304@{#942}),platform=Windows NT 10.0.19045 x86_64) (WARNING: The server did not provide any stacktrace information)
Command duration or timeout: 0 milliseconds
Build info: version: &amp;apos;3.141.59&amp;apos;, revision: &amp;apos;e82be7d358&amp;apos;, time: &amp;apos;2018-11-14T08:17:03&amp;apos;
System info: host: &amp;apos;DESKTOP-B2T9MUN&amp;apos;, ip: &amp;apos;172.19.112.1&amp;apos;, os.name: &amp;apos;Windows 10&amp;apos;, os.arch: &amp;apos;amd64&amp;apos;, os.version: &amp;apos;10.0&amp;apos;, java.version: &amp;apos;1.8.0_202&amp;apos;
Driver info: org.openqa.selenium.chrome.ChromeDriver
Capabilities {acceptInsecureCerts: false, acceptSslCerts: false, browserConnectionEnabled: false, browserName: chrome, chrome: {chromedriverVersion: 107.0.5304.62 (1eec40d3a576..., userDataDir: C:\Users\Sruthi\AppData\Loc...}, cssSelectorsEnabled: true, databaseEnabled: false, goog:chromeOptions: {debuggerAddress: localhost:56799}, handlesAlerts: true, hasTouchScreen: false, javascriptEnabled: true, locationContextEnabled: true, mobileEmulationEnabled: false, nativeEvents: true, networkConnectionEnabled: false, pageLoadStrategy: normal, platform: WINDOWS, platformName: WINDOWS, proxy: Proxy(), rotatable: false, setWindowRect: true, strictFileInteractability: false, takesHeapSnapshot: true, takesScreenshot: true, timeouts: {implicit: 0, pageLoad: 300000, script: 30000}, unexpectedAlertBehaviour: ignore, unhandledPromptBehavior: ignore, version: 107.0.5304.107, webStorageEnabled: true, webauthn:extension:credBlob: true, webauthn:extension:largeBlob: true, webauthn:virtualAuthenticators: true}
Session ID: 57b68eb96ae84932f8dd042249f8ea9e">
      <![CDATA[org.openqa.selenium.TimeoutException: timeout: Timed out receiving message from renderer: 20.000
  (Session info: chrome=107.0.5304.107)
  (Driver info: chromedriver=107.0.5304.62 (1eec40d3a5764881c92085aaee66d25075c159aa-refs/branch-heads/5304@{#942}),platform=Windows NT 10.0.19045 x86_64) (WARNING: The server did not provide any stacktrace information)
Command duration or timeout: 0 milliseconds
Build info: version: '3.141.59', revision: 'e82be7d358', time: '2018-11-14T08:17:03'
System info: host: 'DESKTOP-B2T9MUN', ip: '172.19.112.1', os.name: 'Windows 10', os.arch: 'amd64', os.version: '10.0', java.version: '1.8.0_202'
Driver info: org.openqa.selenium.chrome.ChromeDriver
Capabilities {acceptInsecureCerts: false, acceptSslCerts: false, browserConnectionEnabled: false, browserName: chrome, chrome: {chromedriverVersion: 107.0.5304.62 (1eec40d3a576..., userDataDir: C:\Users\Sruthi\AppData\Loc...}, cssSelectorsEnabled: true, databaseEnabled: false, goog:chromeOptions: {debuggerAddress: localhost:56799}, handlesAlerts: true, hasTouchScreen: false, javascriptEnabled: true, locationContextEnabled: true, mobileEmulationEnabled: false, nativeEvents: true, networkConnectionEnabled: false, pageLoadStrategy: normal, platform: WINDOWS, platformName: WINDOWS, proxy: Proxy(), rotatable: false, setWindowRect: true, strictFileInteractability: false, takesHeapSnapshot: true, takesScreenshot: true, timeouts: {implicit: 0, pageLoad: 300000, script: 30000}, unexpectedAlertBehaviour: ignore, unhandledPromptBehavior: ignore, version: 107.0.5304.107, webStorageEnabled: true, webauthn:extension:credBlob: true, webauthn:extension:largeBlob: true, webauthn:virtualAuthenticators: true}
Session ID: 57b68eb96ae84932f8dd042249f8ea9e
at org.openqa.selenium.remote.ErrorHandler.createThrowable(ErrorHandler.java:214)
at org.openqa.selenium.remote.ErrorHandler.throwIfResponseFailed(ErrorHandler.java:166)
at org.openqa.selenium.remote.http.JsonHttpResponseCodec.reconstructValue(JsonHttpResponseCodec.java:40)
at org.openqa.selenium.remote.http.AbstractHttpResponseCodec.decode(AbstractHttpResponseCodec.java:80)
at org.openqa.selenium.remote.http.AbstractHttpResponseCodec.decode(AbstractHttpResponseCodec.java:44)
at org.openqa.selenium.remote.HttpCommandExecutor.execute(HttpCommandExecutor.java:158)
at org.openqa.selenium.remote.service.DriverCommandExecutor.execute(DriverCommandExecutor.java:83)
at org.openqa.selenium.remote.RemoteWebDriver.execute(RemoteWebDriver.java:552)
at org.openqa.selenium.remote.RemoteExecuteMethod.execute(RemoteExecuteMethod.java:35)
at org.openqa.selenium.remote.RemoteMouse.mouseMove(RemoteMouse.java:97)
at org.openqa.selenium.interactions.MoveToOffsetAction.perform(MoveToOffsetAction.java:48)
at org.openqa.selenium.interactions.CompositeAction.perform(CompositeAction.java:34)
at org.openqa.selenium.interactions.Actions$BuiltAction.perform(Actions.java:642)
at PageObjects.DragAndDropPage.dragAndDrop(DragAndDropPage.java:32)
at Test_Cases.dragAndDropPageTest.dragAndDropTest(dragAndDropPageTest.java:38)
... Removed 29 stack frames]]>
    </failure>
  </testcase> <!-- dragAndDropTest -->
  <testcase name="validUserName_inValidPassword" time="0.001" classname="Test_Cases.LoginPageTest">
    <failure type="org.openqa.selenium.NoSuchSessionException" message="Session ID is null. Using WebDriver after calling quit()?
Build info: version: &amp;apos;3.141.59&amp;apos;, revision: &amp;apos;e82be7d358&amp;apos;, time: &amp;apos;2018-11-14T08:17:03&amp;apos;
System info: host: &amp;apos;DESKTOP-B2T9MUN&amp;apos;, ip: &amp;apos;172.19.112.1&amp;apos;, os.name: &amp;apos;Windows 10&amp;apos;, os.arch: &amp;apos;amd64&amp;apos;, os.version: &amp;apos;10.0&amp;apos;, java.version: &amp;apos;1.8.0_202&amp;apos;
Driver info: driver.version: RemoteWebDriver">
      <![CDATA[org.openqa.selenium.NoSuchSessionException: Session ID is null. Using WebDriver after calling quit()?
Build info: version: '3.141.59', revision: 'e82be7d358', time: '2018-11-14T08:17:03'
System info: host: 'DESKTOP-B2T9MUN', ip: '172.19.112.1', os.name: 'Windows 10', os.arch: 'amd64', os.version: '10.0', java.version: '1.8.0_202'
Driver info: driver.version: RemoteWebDriver
at org.openqa.selenium.remote.HttpCommandExecutor.execute(HttpCommandExecutor.java:125)
at org.openqa.selenium.remote.service.DriverCommandExecutor.execute(DriverCommandExecutor.java:83)
at org.openqa.selenium.remote.RemoteWebDriver.execute(RemoteWebDriver.java:552)
at org.openqa.selenium.remote.RemoteWebDriver.get(RemoteWebDriver.java:277)
at PageObjects.LoginPage.getUrl(LoginPage.java:32)
at Test_Cases.LoginPageTest.validUserName_inValidPassword(LoginPageTest.java:54)
... Removed 25 stack frames]]>
    </failure>
  </testcase> <!-- validUserName_inValidPassword -->
  <testcase name="@BeforeSuite fnGetSystemParameter" time="0.0" classname="TestBase.BaseTest">
    <ignored/>
  </testcase> <!-- @BeforeSuite fnGetSystemParameter -->
  <testcase name="@BeforeSuite fnGetSystemParameter" time="0.0" classname="TestBase.BaseTest">
    <ignored/>
  </testcase> <!-- @BeforeSuite fnGetSystemParameter -->
  <testcase name="@BeforeSuite fnGetSystemParameter" time="0.0" classname="TestBase.BaseTest">
    <ignored/>
  </testcase> <!-- @BeforeSuite fnGetSystemParameter -->
  <testcase name="@BeforeSuite fnGetSystemParameter" time="0.0" classname="TestBase.BaseTest">
    <ignored/>
  </testcase> <!-- @BeforeSuite fnGetSystemParameter -->
  <testcase name="@BeforeSuite fnGetSystemParameter" time="0.0" classname="TestBase.BaseTest">
    <ignored/>
  </testcase> <!-- @BeforeSuite fnGetSystemParameter -->
  <testcase name="@BeforeSuite fnGetSystemParameter" time="0.0" classname="TestBase.BaseTest">
    <ignored/>
  </testcase> <!-- @BeforeSuite fnGetSystemParameter -->
  <testcase name="@BeforeSuite fnGetSystemParameter" time="0.0" classname="TestBase.BaseTest">
    <ignored/>
  </testcase> <!-- @BeforeSuite fnGetSystemParameter -->
  <testcase name="@BeforeSuite fnGetSystemParameter" time="0.0" classname="TestBase.BaseTest">
    <ignored/>
  </testcase> <!-- @BeforeSuite fnGetSystemParameter -->
  <testcase name="@BeforeSuite fnGetSystemParameter" time="0.0" classname="TestBase.BaseTest">
    <ignored/>
  </testcase> <!-- @BeforeSuite fnGetSystemParameter -->
  <testcase name="@BeforeSuite fnGetSystemParameter" time="0.0" classname="TestBase.BaseTest">
    <ignored/>
  </testcase> <!-- @BeforeSuite fnGetSystemParameter -->
  <testcase name="@BeforeSuite fnGetSystemParameter" time="0.0" classname="TestBase.BaseTest">
    <ignored/>
  </testcase> <!-- @BeforeSuite fnGetSystemParameter -->
  <testcase name="@BeforeSuite fnGetSystemParameter" time="0.0" classname="TestBase.BaseTest">
    <ignored/>
  </testcase> <!-- @BeforeSuite fnGetSystemParameter -->
  <testcase name="@BeforeSuite fnGetSystemParameter" time="0.0" classname="TestBase.BaseTest">
    <ignored/>
  </testcase> <!-- @BeforeSuite fnGetSystemParameter -->
  <testcase name="@BeforeSuite fnGetSystemParameter" time="0.0" classname="TestBase.BaseTest">
    <ignored/>
  </testcase> <!-- @BeforeSuite fnGetSystemParameter -->
  <testcase name="@BeforeSuite fnGetSystemParameter" time="0.0" classname="TestBase.BaseTest">
    <ignored/>
  </testcase> <!-- @BeforeSuite fnGetSystemParameter -->
  <testcase name="@BeforeSuite fnGetSystemParameter" time="0.0" classname="TestBase.BaseTest">
    <ignored/>
  </testcase> <!-- @BeforeSuite fnGetSystemParameter -->
</testsuite> <!-- Test -->
